[debug] [2021-08-31T11:52:53.980Z] ----------------------------------------------------------------------
[debug] [2021-08-31T11:52:53.983Z] Command:       C:\Program Files\nodejs\node.exe C:\Users\ggliz\AppData\Roaming\npm\node_modules\firebase-tools\lib\bin\firebase.js init
[debug] [2021-08-31T11:52:53.983Z] CLI Version:   9.16.6
[debug] [2021-08-31T11:52:53.984Z] Platform:      win32
[debug] [2021-08-31T11:52:53.984Z] Node Version:  v14.15.3
[debug] [2021-08-31T11:52:53.986Z] Time:          Tue Aug 31 2021 20:52:53 GMT+0900 (대한민국 표준시)
[debug] [2021-08-31T11:52:53.987Z] ----------------------------------------------------------------------
[debug] 
[debug] [2021-08-31T11:52:53.998Z] > command requires scopes: ["email","openid","https://www.googleapis.com/auth/cloudplatformprojects.readonly","https://www.googleapis.com/auth/firebase","https://www.googleapis.com/auth/cloud-platform"]
[debug] [2021-08-31T11:52:53.998Z] > authorizing via signed-in user (woohyunpark.mail@gmail.com)
[info] 
     ######## #### ########  ######## ########     ###     ######  ########
     ##        ##  ##     ## ##       ##     ##  ##   ##  ##       ##
     ######    ##  ########  ######   ########  #########  ######  ######
     ##        ##  ##    ##  ##       ##     ## ##     ##       ## ##
     ##       #### ##     ## ######## ########  ##     ##  ######  ########

You're about to initialize a Firebase project in this directory:

  C:\Users\ggliz\Desktop\Coding\nwitter

[info] 
=== Project Setup
[info] 
[info] First, let's associate this project directory with a Firebase project.
[info] You can create multiple project aliases by running firebase use --add, 
[info] but for now we'll just set up a default project.
[info] 
[debug] [2021-08-31T11:53:03.836Z] >>> [apiv2][query] GET https://firebase.googleapis.com/v1beta1/projects pageSize=100
[debug] [2021-08-31T11:53:04.676Z] <<< [apiv2][status] GET https://firebase.googleapis.com/v1beta1/projects 200
[debug] [2021-08-31T11:53:04.676Z] <<< [apiv2][body] GET https://firebase.googleapis.com/v1beta1/projects [omitted]
